#
# A fatal error has been detected by the Java Runtime Environment:
#
#  EXCEPTION_ACCESS_VIOLATION (0xc0000005) at pc=0x0000021bc26aeef0, pid=8952, tid=7132
#
# JRE version: Java(TM) SE Runtime Environment (10.0.2+13) (build 10.0.2+13)
# Java VM: Java HotSpot(TM) 64-Bit Server VM (10.0.2+13, mixed mode, tiered, compressed oops, g1 gc, windows-amd64)
# Problematic frame:
# C  0x0000021bc26aeef0
#
# No core dump will be written. Minidumps are not enabled by default on client versions of Windows
#
# If you would like to submit a bug report, please visit:
#   http://bugreport.java.com/bugreport/crash.jsp
# The crash happened outside the Java Virtual Machine in native code.
# See problematic frame for where to report the bug.
#

---------------  S U M M A R Y ------------

Command Line: -Dfile.encoding=GBK ViewTest.MainApp

Host: Intel(R) Core(TM) i7-8550U CPU @ 1.80GHz, 8 cores, 7G,  Windows 10 , 64 bit Build 17134 (10.0.17134.753)
Time: Mon Dec 23 18:05:48 2019 ?D1¨²¡À¨º¡Á?¨º¡À?? elapsed time: 1086 seconds (0d 0h 18m 6s)

---------------  T H R E A D  ---------------

Current thread (0x0000021bc29e8000):  JavaThread "AWT-Windows" daemon [_thread_in_native, id=7132, stack(0x000000710a600000,0x000000710a700000)]

Stack: [0x000000710a600000,0x000000710a700000],  sp=0x000000710a6fe738,  free space=1017k
Native frames: (J=compiled Java code, j=interpreted, Vv=VM code, C=native code)
C  0x0000021bc26aeef0

Java frames: (J=compiled Java code, j=interpreted, Vv=VM code)
j  sun.awt.windows.WToolkit.eventLoop()V+0 java.desktop@10.0.2
j  sun.awt.windows.WToolkit.run()V+50 java.desktop@10.0.2
j  java.lang.Thread.run()V+11 java.base@10.0.2
v  ~StubRoutines::call_stub

siginfo: EXCEPTION_ACCESS_VIOLATION (0xc0000005), data execution prevention violation at address 0x0000021bc26aeef0


Register to memory mapping:

RIP=0x0000021bc26aeef0 is an unknown value
RAX=0x0000021bc26aed00 is an unknown value
RBX=0x0000000000000000 is an unknown value
RCX=0x0000021bc26aded8 is an unknown value
RDX=0x00007ffd0e49cc80 awt.dll
RSP=0x000000710a6fe738 is pointing into the stack for thread: 0x0000021bc29e8000
RBP=0x000000710a6fe809 is pointing into the stack for thread: 0x0000021bc29e8000
RSI=0x000000000000a220 is an unknown value
RDI=0x0000021bc3e4ade0 is an unknown value
R8 =0x0000000000000000 is an unknown value
R9 =0x0000000000000000 is an unknown value
R10=0x00007ffd0e4bb208 awt.dll
R11=0x000000710a6fe8f8 is pointing into the stack for thread: 0x0000021bc29e8000
R12=0x0000000000000001 is an unknown value
R13=0x0000000000000111 is an unknown value
R14=0x0000000000000111 is an unknown value
R15=0x000000000000010f is an unknown value


Registers:
RAX=0x0000021bc26aed00, RBX=0x0000000000000000, RCX=0x0000021bc26aded8, RDX=0x00007ffd0e49cc80
RSP=0x000000710a6fe738, RBP=0x000000710a6fe809, RSI=0x000000000000a220, RDI=0x0000021bc3e4ade0
R8 =0x0000000000000000, R9 =0x0000000000000000, R10=0x00007ffd0e4bb208, R11=0x000000710a6fe8f8
R12=0x0000000000000001, R13=0x0000000000000111, R14=0x0000000000000111, R15=0x000000000000010f
RIP=0x0000021bc26aeef0, EFLAGS=0x0000000000010206

Top of Stack: (sp=0x000000710a6fe738)
0x000000710a6fe738:   00007ffd0e441bdb 0000000000000000
0x000000710a6fe748:   0000000000000000 00000000000406ca
0x000000710a6fe758:   00007ffd0000c25b 0000000000000002
0x000000710a6fe768:   00007ffd0e440c02 0000021bc3e4ade0
0x000000710a6fe778:   000000710a6fe809 000000000000a220
0x000000710a6fe788:   00007ffd0e3c598f 0000000000000000
0x000000710a6fe798:   000000710a6feb40 000000000000c25b
0x000000710a6fe7a8:   00007ffd266a70f7 0000000000000000
0x000000710a6fe7b8:   0000007100000001 fffffffffffffffe
0x000000710a6fe7c8:   0000000000000000 000000000000c25b
0x000000710a6fe7d8:   00007ffd12cedb66 000000710a6fe910
0x000000710a6fe7e8:   0000021bc3e4ae80 0000021bc29e8270
0x000000710a6fe7f8:   fffffffffffffffe 00007ffd0e4434b8
0x000000710a6fe808:   000000006cdf2d6e 0000021bc29e8000
0x000000710a6fe818:   000000710a6feb90 000001c038096ce8
0x000000710a6fe828:   0000000000000000 0000000000000000 

Instructions: (pc=0x0000021bc26aeef0)
0x0000021bc26aeed0:   00 00 00 00 00 00 00 00 00 00 00 00 00 00 00 00
0x0000021bc26aeee0:   e7 03 00 00 1b 02 00 00 00 ed 6a c2 1b 02 00 00
0x0000021bc26aeef0:   50 ee 6a c2 1b 02 00 00 60 ec 6a c2 1b 02 00 00
0x0000021bc26aef00:   48 30 6b c2 1b 02 00 00 00 00 00 00 00 00 00 00 



---------------  P R O C E S S  ---------------

Threads class SMR info:
_java_thread_list=0x0000021bc4264af0, length=17, elements={
0x0000021bc1aa9800, 0x0000021bc1ab4800, 0x0000021bc1ac3000, 0x0000021bc2382000,
0x0000021bc2383000, 0x0000021bc2386000, 0x0000021bc1acd000, 0x0000021bc1ace000,
0x0000021bc23ab800, 0x0000021bc2550800, 0x0000021bc2554800, 0x0000021bc29ba800,
0x0000021bc29dc800, 0x0000021bc29e8000, 0x0000021bc3d24000, 0x0000021b9fe4d000,
0x0000021bc4264000
}

Java Threads: ( => current thread )
  0x0000021bc1aa9800 JavaThread "Reference Handler" daemon [_thread_blocked, id=12132, stack(0x0000007109800000,0x0000007109900000)]
  0x0000021bc1ab4800 JavaThread "Finalizer" daemon [_thread_blocked, id=12276, stack(0x0000007109900000,0x0000007109a00000)]
  0x0000021bc1ac3000 JavaThread "Signal Dispatcher" daemon [_thread_blocked, id=4928, stack(0x0000007109a00000,0x0000007109b00000)]
  0x0000021bc2382000 JavaThread "Attach Listener" daemon [_thread_blocked, id=5208, stack(0x0000007109b00000,0x0000007109c00000)]
  0x0000021bc2383000 JavaThread "C2 CompilerThread0" daemon [_thread_blocked, id=5092, stack(0x0000007109c00000,0x0000007109d00000)]
  0x0000021bc2386000 JavaThread "C2 CompilerThread1" daemon [_thread_blocked, id=11484, stack(0x0000007109d00000,0x0000007109e00000)]
  0x0000021bc1acd000 JavaThread "C2 CompilerThread2" daemon [_thread_blocked, id=10480, stack(0x0000007109e00000,0x0000007109f00000)]
  0x0000021bc1ace000 JavaThread "C1 CompilerThread3" daemon [_thread_blocked, id=9948, stack(0x0000007109f00000,0x000000710a000000)]
  0x0000021bc23ab800 JavaThread "Sweeper thread" daemon [_thread_blocked, id=12052, stack(0x000000710a000000,0x000000710a100000)]
  0x0000021bc2550800 JavaThread "Service Thread" daemon [_thread_blocked, id=6952, stack(0x000000710a100000,0x000000710a200000)]
  0x0000021bc2554800 JavaThread "Common-Cleaner" daemon [_thread_blocked, id=6936, stack(0x000000710a200000,0x000000710a300000)]
  0x0000021bc29ba800 JavaThread "Java2D Disposer" daemon [_thread_blocked, id=11472, stack(0x000000710a400000,0x000000710a500000)]
  0x0000021bc29dc800 JavaThread "AWT-Shutdown" [_thread_blocked, id=3932, stack(0x000000710a500000,0x000000710a600000)]
=>0x0000021bc29e8000 JavaThread "AWT-Windows" daemon [_thread_in_native, id=7132, stack(0x000000710a600000,0x000000710a700000)]
  0x0000021bc3d24000 JavaThread "AWT-EventQueue-0" [_thread_blocked, id=6940, stack(0x000000710a700000,0x000000710a800000)]
  0x0000021b9fe4d000 JavaThread "DestroyJavaVM" [_thread_blocked, id=7208, stack(0x0000007108200000,0x0000007108300000)]
  0x0000021bc4264000 JavaThread "TimerQueue" daemon [_thread_blocked, id=6192, stack(0x000000710ac00000,0x000000710ad00000)]

Other Threads:
  0x0000021bc1aa6000 VMThread "VM Thread" [stack: 0x0000007109700000,0x0000007109800000] [id=1592]
  0x0000021bc2555800 WatcherThread [stack: 0x000000710a300000,0x000000710a400000] [id=1792]
  0x0000021b9fe64000 GCTaskThread "GC Thread#0" [stack: 0x0000007108300000,0x0000007108400000] [id=11432]
  0x0000021b9fe65000 GCTaskThread "GC Thread#1" [stack: 0x0000007108400000,0x0000007108500000] [id=10376]
  0x0000021b9fe67000 GCTaskThread "GC Thread#2" [stack: 0x0000007108500000,0x0000007108600000] [id=1580]
  0x0000021b9fe6a000 GCTaskThread "GC Thread#3" [stack: 0x0000007108600000,0x0000007108700000] [id=9256]
  0x0000021b9fe73000 GCTaskThread "GC Thread#4" [stack: 0x0000007108700000,0x0000007108800000] [id=1460]
  0x0000021b9fe7f000 GCTaskThread "GC Thread#5" [stack: 0x0000007108800000,0x0000007108900000] [id=6740]
  0x0000021b9fe7b000 GCTaskThread "GC Thread#6" [stack: 0x0000007108900000,0x0000007108a00000] [id=6320]
  0x0000021b9fe7e000 GCTaskThread "GC Thread#7" [stack: 0x0000007108a00000,0x0000007108b00000] [id=11316]
  0x0000021b9fef3000 ConcurrentGCThread "G1 Main Marker" [stack: 0x0000007108b00000,0x0000007108c00000] [id=4484]
  0x0000021b9fe7a800 ConcurrentGCThread "G1 Conc#0" [stack: 0x0000007108c00000,0x0000007108d00000] [id=9660]
  0x0000021b9fe7b800 ConcurrentGCThread "G1 Conc#1" [stack: 0x0000007108d00000,0x0000007108e00000] [id=1444]
  0x0000021bc191e800 ConcurrentGCThread "G1 Refine#0" [stack: 0x0000007108e00000,0x0000007108f00000] [id=6704]
  0x0000021bc191f000 ConcurrentGCThread "G1 Refine#1" [stack: 0x0000007108f00000,0x0000007109000000] [id=9520]
  0x0000021bc1920800 ConcurrentGCThread "G1 Refine#2" [stack: 0x0000007109000000,0x0000007109100000] [id=6116]
  0x0000021bc192b800 ConcurrentGCThread "G1 Refine#3" [stack: 0x0000007109100000,0x0000007109200000] [id=8696]
  0x0000021bc1932800 ConcurrentGCThread "G1 Refine#4" [stack: 0x0000007109200000,0x0000007109300000] [id=12224]
  0x0000021bc1937000 ConcurrentGCThread "G1 Refine#5" [stack: 0x0000007109300000,0x0000007109400000] [id=10744]
  0x0000021bc1938000 ConcurrentGCThread "G1 Refine#6" [stack: 0x0000007109400000,0x0000007109500000] [id=1704]
  0x0000021bc1938800 ConcurrentGCThread "G1 Refine#7" [stack: 0x0000007109500000,0x0000007109600000] [id=4932]
  0x0000021bc1939000 ConcurrentGCThread "G1 Young RemSet Sampling" [stack: 0x0000007109600000,0x0000007109700000] [id=5456]

Threads with active compile tasks:

VM state:not at safepoint (normal execution)

VM Mutex/Monitor currently owned by a thread: None

Heap address: 0x0000000081c00000, size: 2020 MB, Compressed Oops mode: 32-bit
Narrow klass base: 0x0000000000000000, Narrow klass shift: 3
Compressed class space size: 1073741824 Address: 0x0000000100000000

Heap:
 garbage-first heap   total 131072K, used 22392K [0x0000000081c00000, 0x0000000100000000)
  region size 1024K, 8 young (8192K), 3 survivors (3072K)
 Metaspace       used 16201K, capacity 16591K, committed 16896K, reserved 1064960K
  class space    used 1724K, capacity 1923K, committed 2048K, reserved 1048576K
Heap Regions: E=young(eden), S=young(survivor), O=old, HS=humongous(starts), HC=humongous(continues), CS=collection set, F=free, A=archive, TS=gc time stamp, AC=allocation context, TAMS=top-at-mark-start (previous, next)
|   0|0x0000000081c00000, 0x0000000081d00000, 0x0000000081d00000|100%|HS|  |TS  0|AC  0|TAMS 0x0000000081c00000, 0x0000000081c00000|
|   1|0x0000000081d00000, 0x0000000081e00000, 0x0000000081e00000|100%|HC|  |TS  0|AC  0|TAMS 0x0000000081d00000, 0x0000000081d00000|
|   2|0x0000000081e00000, 0x0000000081f00000, 0x0000000081f00000|100%|HC|  |TS  0|AC  0|TAMS 0x0000000081e00000, 0x0000000081e00000|
|   3|0x0000000081f00000, 0x0000000082000000, 0x0000000082000000|100%|HC|  |TS  0|AC  0|TAMS 0x0000000081f00000, 0x0000000081f00000|
|   4|0x0000000082000000, 0x0000000082100000, 0x0000000082100000|100%|HC|  |TS  0|AC  0|TAMS 0x0000000082000000, 0x0000000082000000|
|   5|0x0000000082100000, 0x0000000082200000, 0x0000000082200000|100%|HC|  |TS  0|AC  0|TAMS 0x0000000082100000, 0x0000000082100000|
|   6|0x0000000082200000, 0x0000000082300000, 0x0000000082300000|100%|HC|  |TS  0|AC  0|TAMS 0x0000000082200000, 0x0000000082200000|
|   7|0x0000000082300000, 0x0000000082400000, 0x0000000082400000|100%|HC|  |TS  0|AC  0|TAMS 0x0000000082300000, 0x0000000082300000|
|   8|0x0000000082400000, 0x0000000082500000, 0x0000000082500000|100%|HC|  |TS  0|AC  0|TAMS 0x0000000082400000, 0x0000000082400000|
|   9|0x0000000082500000, 0x0000000082600000, 0x0000000082600000|100%|HC|  |TS  0|AC  0|TAMS 0x0000000082500000, 0x0000000082500000|
|  10|0x0000000082600000, 0x0000000082700000, 0x0000000082700000|100%|HS|  |TS  1|AC  0|TAMS 0x0000000082600000, 0x0000000082600000|
|  11|0x0000000082700000, 0x0000000082800000, 0x0000000082800000|100%|HS|  |TS  1|AC  0|TAMS 0x0000000082700000, 0x0000000082700000|
|  12|0x0000000082800000, 0x0000000082900000, 0x0000000082900000|100%|HS|  |TS  0|AC  0|TAMS 0x0000000082800000, 0x0000000082800000|
|  13|0x0000000082900000, 0x0000000082a00000, 0x0000000082a00000|100%|HS|  |TS  0|AC  0|TAMS 0x0000000082900000, 0x0000000082900000|
|  14|0x0000000082a00000, 0x0000000082b00000, 0x0000000082b00000|100%|HC|  |TS  0|AC  0|TAMS 0x0000000082a00000, 0x0000000082a00000|
|  15|0x0000000082b00000, 0x0000000082b00000, 0x0000000082c00000|  0%| F|  |TS  0|AC  0|TAMS 0x0000000082b00000, 0x0000000082b00000|
|  16|0x0000000082c00000, 0x0000000082c00000, 0x0000000082d00000|  0%| F|  |TS  0|AC  0|TAMS 0x0000000082c00000, 0x0000000082c00000|
|  17|0x0000000082d00000, 0x0000000082d00000, 0x0000000082e00000|  0%| F|  |TS  0|AC  0|TAMS 0x0000000082d00000, 0x0000000082d00000|
|  18|0x0000000082e00000, 0x0000000082e00000, 0x0000000082f00000|  0%| F|  |TS  0|AC  0|TAMS 0x0000000082e00000, 0x0000000082e00000|
|  19|0x0000000082f00000, 0x0000000082f00000, 0x0000000083000000|  0%| F|  |TS  0|AC  0|TAMS 0x0000000082f00000, 0x0000000082f00000|
|  20|0x0000000083000000, 0x0000000083000000, 0x0000000083100000|  0%| F|  |TS  0|AC  0|TAMS 0x0000000083000000, 0x0000000083000000|
|  21|0x0000000083100000, 0x0000000083100000, 0x0000000083200000|  0%| F|  |TS  0|AC  0|TAMS 0x0000000083100000, 0x0000000083100000|
|  22|0x0000000083200000, 0x0000000083200000, 0x0000000083300000|  0%| F|  |TS  0|AC  0|TAMS 0x0000000083200000, 0x0000000083200000|
|  23|0x0000000083300000, 0x0000000083300000, 0x0000000083400000|  0%| F|  |TS  0|AC  0|TAMS 0x0000000083300000, 0x0000000083300000|
|  24|0x0000000083400000, 0x0000000083400000, 0x0000000083500000|  0%| F|  |TS  0|AC  0|TAMS 0x0000000083400000, 0x0000000083400000|
|  25|0x0000000083500000, 0x0000000083500000, 0x0000000083600000|  0%| F|  |TS  0|AC  0|TAMS 0x0000000083500000, 0x0000000083500000|
|  26|0x0000000083600000, 0x0000000083600000, 0x0000000083700000|  0%| F|  |TS  0|AC  0|TAMS 0x0000000083600000, 0x0000000083600000|
|  27|0x0000000083700000, 0x0000000083700000, 0x0000000083800000|  0%| F|  |TS  0|AC  0|TAMS 0x0000000083700000, 0x0000000083700000|
|  28|0x0000000083800000, 0x0000000083800000, 0x0000000083900000|  0%| F|  |TS  0|AC  0|TAMS 0x0000000083800000, 0x0000000083800000|
|  29|0x0000000083900000, 0x0000000083900000, 0x0000000083a00000|  0%| F|  |TS  0|AC  0|TAMS 0x0000000083900000, 0x0000000083900000|
|  30|0x0000000083a00000, 0x0000000083a00000, 0x0000000083b00000|  0%| F|  |TS  0|AC  0|TAMS 0x0000000083a00000, 0x0000000083a00000|
|  31|0x0000000083b00000, 0x0000000083b00000, 0x0000000083c00000|  0%| F|  |TS  0|AC  0|TAMS 0x0000000083b00000, 0x0000000083b00000|
|  32|0x0000000083c00000, 0x0000000083c00000, 0x0000000083d00000|  0%| F|  |TS  0|AC  0|TAMS 0x0000000083c00000, 0x0000000083c00000|
|  33|0x0000000083d00000, 0x0000000083d00000, 0x0000000083e00000|  0%| F|  |TS  0|AC  0|TAMS 0x0000000083d00000, 0x0000000083d00000|
|  34|0x0000000083e00000, 0x0000000083e00000, 0x0000000083f00000|  0%| F|  |TS  0|AC  0|TAMS 0x0000000083e00000, 0x0000000083e00000|
|  35|0x0000000083f00000, 0x0000000083f00000, 0x0000000084000000|  0%| F|  |TS  0|AC  0|TAMS 0x0000000083f00000, 0x0000000083f00000|
|  36|0x0000000084000000, 0x0000000084000000, 0x0000000084100000|  0%| F|  |TS  0|AC  0|TAMS 0x0000000084000000, 0x0000000084000000|
|  37|0x0000000084100000, 0x0000000084100000, 0x0000000084200000|  0%| F|  |TS  0|AC  0|TAMS 0x0000000084100000, 0x0000000084100000|
|  38|0x0000000084200000, 0x0000000084200000, 0x0000000084300000|  0%| F|  |TS  0|AC  0|TAMS 0x0000000084200000, 0x0000000084200000|
|  39|0x0000000084300000, 0x0000000084300000, 0x0000000084400000|  0%| F|  |TS  0|AC  0|TAMS 0x0000000084300000, 0x0000000084300000|
|  40|0x0000000084400000, 0x0000000084400000, 0x0000000084500000|  0%| F|  |TS  0|AC  0|TAMS 0x0000000084400000, 0x0000000084400000|
|  41|0x0000000084500000, 0x0000000084500000, 0x0000000084600000|  0%| F|  |TS  0|AC  0|TAMS 0x0000000084500000, 0x0000000084500000|
|  42|0x0000000084600000, 0x0000000084600000, 0x0000000084700000|  0%| F|  |TS  0|AC  0|TAMS 0x0000000084600000, 0x0000000084600000|
|  43|0x0000000084700000, 0x0000000084700000, 0x0000000084800000|  0%| F|  |TS  0|AC  0|TAMS 0x0000000084700000, 0x0000000084700000|
|  44|0x0000000084800000, 0x0000000084800000, 0x0000000084900000|  0%| F|  |TS  0|AC  0|TAMS 0x0000000084800000, 0x0000000084800000|
|  45|0x0000000084900000, 0x0000000084900000, 0x0000000084a00000|  0%| F|  |TS  0|AC  0|TAMS 0x0000000084900000, 0x0000000084900000|
|  46|0x0000000084a00000, 0x0000000084a00000, 0x0000000084b00000|  0%| F|  |TS  0|AC  0|TAMS 0x0000000084a00000, 0x0000000084a00000|
|  47|0x0000000084b00000, 0x0000000084b00000, 0x0000000084c00000|  0%| F|  |TS  0|AC  0|TAMS 0x0000000084b00000, 0x0000000084b00000|
|  48|0x0000000084c00000, 0x0000000084c00000, 0x0000000084d00000|  0%| F|  |TS  0|AC  0|TAMS 0x0000000084c00000, 0x0000000084c00000|
|  49|0x0000000084d00000, 0x0000000084d00000, 0x0000000084e00000|  0%| F|  |TS  0|AC  0|TAMS 0x0000000084d00000, 0x0000000084d00000|
|  50|0x0000000084e00000, 0x0000000084e00000, 0x0000000084f00000|  0%| F|  |TS  0|AC  0|TAMS 0x0000000084e00000, 0x0000000084e00000|
|  51|0x0000000084f00000, 0x0000000084f00000, 0x0000000085000000|  0%| F|  |TS  0|AC  0|TAMS 0x0000000084f00000, 0x0000000084f00000|
|  52|0x0000000085000000, 0x0000000085000000, 0x0000000085100000|  0%| F|  |TS  0|AC  0|TAMS 0x0000000085000000, 0x0000000085000000|
|  53|0x0000000085100000, 0x0000000085100000, 0x0000000085200000|  0%| F|  |TS  0|AC  0|TAMS 0x0000000085100000, 0x0000000085100000|
|  54|0x0000000085200000, 0x0000000085200000, 0x0000000085300000|  0%| F|  |TS  0|AC  0|TAMS 0x0000000085200000, 0x0000000085200000|
|  55|0x0000000085300000, 0x0000000085300000, 0x0000000085400000|  0%| F|  |TS  0|AC  0|TAMS 0x0000000085300000, 0x0000000085300000|
|  56|0x0000000085400000, 0x0000000085400000, 0x0000000085500000|  0%| F|  |TS  0|AC  0|TAMS 0x0000000085400000, 0x0000000085400000|
|  57|0x0000000085500000, 0x0000000085500000, 0x0000000085600000|  0%| F|  |TS  0|AC  0|TAMS 0x0000000085500000, 0x0000000085500000|
|  58|0x0000000085600000, 0x0000000085600000, 0x0000000085700000|  0%| F|  |TS  0|AC  0|TAMS 0x0000000085600000, 0x0000000085600000|
|  59|0x0000000085700000, 0x0000000085700000, 0x0000000085800000|  0%| F|  |TS  0|AC  0|TAMS 0x0000000085700000, 0x0000000085700000|
|  60|0x0000000085800000, 0x0000000085800000, 0x0000000085900000|  0%| F|  |TS  0|AC  0|TAMS 0x0000000085800000, 0x0000000085800000|
|  61|0x0000000085900000, 0x0000000085900000, 0x0000000085a00000|  0%| F|  |TS  0|AC  0|TAMS 0x0000000085900000, 0x0000000085900000|
|  62|0x0000000085a00000, 0x0000000085a00000, 0x0000000085b00000|  0%| F|  |TS  0|AC  0|TAMS 0x0000000085a00000, 0x0000000085a00000|
|  63|0x0000000085b00000, 0x0000000085b00000, 0x0000000085c00000|  0%| F|  |TS  0|AC  0|TAMS 0x0000000085b00000, 0x0000000085b00000|
|  64|0x0000000085c00000, 0x0000000085c00000, 0x0000000085d00000|  0%| F|  |TS  0|AC  0|TAMS 0x0000000085c00000, 0x0000000085c00000|
|  65|0x0000000085d00000, 0x0000000085d00000, 0x0000000085e00000|  0%| F|  |TS  0|AC  0|TAMS 0x0000000085d00000, 0x0000000085d00000|
|  66|0x0000000085e00000, 0x0000000085e00000, 0x0000000085f00000|  0%| F|  |TS  0|AC  0|TAMS 0x0000000085e00000, 0x0000000085e00000|
|  67|0x0000000085f00000, 0x0000000085f00000, 0x0000000086000000|  0%| F|  |TS  0|AC  0|TAMS 0x0000000085f00000, 0x0000000085f00000|
|  68|0x0000000086000000, 0x0000000086000000, 0x0000000086100000|  0%| F|  |TS  0|AC  0|TAMS 0x0000000086000000, 0x0000000086000000|
|  69|0x0000000086100000, 0x0000000086100000, 0x0000000086200000|  0%| F|  |TS  0|AC  0|TAMS 0x0000000086100000, 0x0000000086100000|
|  70|0x0000000086200000, 0x0000000086200000, 0x0000000086300000|  0%| F|  |TS  0|AC  0|TAMS 0x0000000086200000, 0x0000000086200000|
|  71|0x0000000086300000, 0x0000000086300000, 0x0000000086400000|  0%| F|  |TS  0|AC  0|TAMS 0x0000000086300000, 0x0000000086300000|
|  72|0x0000000086400000, 0x0000000086400000, 0x0000000086500000|  0%| F|  |TS  0|AC  0|TAMS 0x0000000086400000, 0x0000000086400000|
|  73|0x0000000086500000, 0x0000000086500000, 0x0000000086600000|  0%| F|  |TS  0|AC  0|TAMS 0x0000000086500000, 0x0000000086500000|
|  74|0x0000000086600000, 0x0000000086600000, 0x0000000086700000|  0%| F|  |TS  0|AC  0|TAMS 0x0000000086600000, 0x0000000086600000|
|  75|0x0000000086700000, 0x0000000086700000, 0x0000000086800000|  0%| F|  |TS  0|AC  0|TAMS 0x0000000086700000, 0x0000000086700000|
|  76|0x0000000086800000, 0x0000000086800000, 0x0000000086900000|  0%| F|  |TS  0|AC  0|TAMS 0x0000000086800000, 0x0000000086800000|
|  77|0x0000000086900000, 0x0000000086900000, 0x0000000086a00000|  0%| F|  |TS  0|AC  0|TAMS 0x0000000086900000, 0x0000000086900000|
|  78|0x0000000086a00000, 0x0000000086a00000, 0x0000000086b00000|  0%| F|  |TS  0|AC  0|TAMS 0x0000000086a00000, 0x0000000086a00000|
|  79|0x0000000086b00000, 0x0000000086b00000, 0x0000000086c00000|  0%| F|  |TS  0|AC  0|TAMS 0x0000000086b00000, 0x0000000086b00000|
|  80|0x0000000086c00000, 0x0000000086c00000, 0x0000000086d00000|  0%| F|  |TS  0|AC  0|TAMS 0x0000000086c00000, 0x0000000086c00000|
|  81|0x0000000086d00000, 0x0000000086d00000, 0x0000000086e00000|  0%| F|  |TS  0|AC  0|TAMS 0x0000000086d00000, 0x0000000086d00000|
|  82|0x0000000086e00000, 0x0000000086e00000, 0x0000000086f00000|  0%| F|  |TS  0|AC  0|TAMS 0x0000000086e00000, 0x0000000086e00000|
|  83|0x0000000086f00000, 0x0000000086f00000, 0x0000000087000000|  0%| F|  |TS  0|AC  0|TAMS 0x0000000086f00000, 0x0000000086f00000|
|  84|0x0000000087000000, 0x0000000087000000, 0x0000000087100000|  0%| F|  |TS  0|AC  0|TAMS 0x0000000087000000, 0x0000000087000000|
|  85|0x0000000087100000, 0x0000000087100000, 0x0000000087200000|  0%| F|  |TS  0|AC  0|TAMS 0x0000000087100000, 0x0000000087100000|
|  86|0x0000000087200000, 0x0000000087200000, 0x0000000087300000|  0%| F|  |TS  0|AC  0|TAMS 0x0000000087200000, 0x0000000087200000|
|  87|0x0000000087300000, 0x0000000087300000, 0x0000000087400000|  0%| F|  |TS  0|AC  0|TAMS 0x0000000087300000, 0x0000000087300000|
|  88|0x0000000087400000, 0x0000000087400000, 0x0000000087500000|  0%| F|  |TS  0|AC  0|TAMS 0x0000000087400000, 0x0000000087400000|
|  89|0x0000000087500000, 0x0000000087500000, 0x0000000087600000|  0%| F|  |TS  0|AC  0|TAMS 0x0000000087500000, 0x0000000087500000|
|  90|0x0000000087600000, 0x0000000087600000, 0x0000000087700000|  0%| F|  |TS  0|AC  0|TAMS 0x0000000087600000, 0x0000000087600000|
|  91|0x0000000087700000, 0x0000000087700000, 0x0000000087800000|  0%| F|  |TS  0|AC  0|TAMS 0x0000000087700000, 0x0000000087700000|
|  92|0x0000000087800000, 0x0000000087800000, 0x0000000087900000|  0%| F|  |TS  0|AC  0|TAMS 0x0000000087800000, 0x0000000087800000|
|  93|0x0000000087900000, 0x0000000087900000, 0x0000000087a00000|  0%| F|  |TS  0|AC  0|TAMS 0x0000000087900000, 0x0000000087900000|
|  94|0x0000000087a00000, 0x0000000087a00000, 0x0000000087b00000|  0%| F|  |TS  0|AC  0|TAMS 0x0000000087a00000, 0x0000000087a00000|
|  95|0x0000000087b00000, 0x0000000087b00000, 0x0000000087c00000|  0%| F|  |TS  0|AC  0|TAMS 0x0000000087b00000, 0x0000000087b00000|
|  96|0x0000000087c00000, 0x0000000087c00000, 0x0000000087d00000|  0%| F|  |TS  0|AC  0|TAMS 0x0000000087c00000, 0x0000000087c00000|
|  97|0x0000000087d00000, 0x0000000087d00000, 0x0000000087e00000|  0%| F|  |TS  0|AC  0|TAMS 0x0000000087d00000, 0x0000000087d00000|
|  98|0x0000000087e00000, 0x0000000087e00000, 0x0000000087f00000|  0%| F|  |TS  0|AC  0|TAMS 0x0000000087e00000, 0x0000000087e00000|
|  99|0x0000000087f00000, 0x0000000087f00000, 0x0000000088000000|  0%| F|  |TS  0|AC  0|TAMS 0x0000000087f00000, 0x0000000087f00000|
| 100|0x0000000088000000, 0x0000000088000000, 0x0000000088100000|  0%| F|  |TS  0|AC  0|TAMS 0x0000000088000000, 0x0000000088000000|
| 101|0x0000000088100000, 0x00000000881de310, 0x0000000088200000| 86%| S|CS|TS  1|AC  0|TAMS 0x0000000088100000, 0x0000000088100000|
| 102|0x0000000088200000, 0x0000000088300000, 0x0000000088300000|100%| S|CS|TS  1|AC  0|TAMS 0x0000000088200000, 0x0000000088200000|
| 103|0x0000000088300000, 0x0000000088400000, 0x0000000088400000|100%| S|CS|TS  1|AC  0|TAMS 0x0000000088300000, 0x0000000088300000|
| 104|0x0000000088400000, 0x0000000088400000, 0x0000000088500000|  0%| F|  |TS  1|AC  0|TAMS 0x0000000088400000, 0x0000000088400000|
| 105|0x0000000088500000, 0x0000000088500000, 0x0000000088600000|  0%| F|  |TS  1|AC  0|TAMS 0x0000000088500000, 0x0000000088500000|
| 106|0x0000000088600000, 0x0000000088600000, 0x0000000088700000|  0%| F|  |TS  1|AC  0|TAMS 0x0000000088600000, 0x0000000088600000|
| 107|0x0000000088700000, 0x0000000088700000, 0x0000000088800000|  0%| F|  |TS  1|AC  0|TAMS 0x0000000088700000, 0x0000000088700000|
| 108|0x0000000088800000, 0x0000000088800000, 0x0000000088900000|  0%| F|  |TS  1|AC  0|TAMS 0x0000000088800000, 0x0000000088800000|
| 109|0x0000000088900000, 0x0000000088900000, 0x0000000088a00000|  0%| F|  |TS  1|AC  0|TAMS 0x0000000088900000, 0x0000000088900000|
| 110|0x0000000088a00000, 0x0000000088a00000, 0x0000000088b00000|  0%| F|  |TS  1|AC  0|TAMS 0x0000000088a00000, 0x0000000088a00000|
| 111|0x0000000088b00000, 0x0000000088b00000, 0x0000000088c00000|  0%| F|  |TS  1|AC  0|TAMS 0x0000000088b00000, 0x0000000088b00000|
| 112|0x0000000088c00000, 0x0000000088c00000, 0x0000000088d00000|  0%| F|  |TS  1|AC  0|TAMS 0x0000000088c00000, 0x0000000088c00000|
| 113|0x0000000088d00000, 0x0000000088d00000, 0x0000000088e00000|  0%| F|  |TS  1|AC  0|TAMS 0x0000000088d00000, 0x0000000088d00000|
| 114|0x0000000088e00000, 0x0000000088e00000, 0x0000000088f00000|  0%| F|  |TS  1|AC  0|TAMS 0x0000000088e00000, 0x0000000088e00000|
| 115|0x0000000088f00000, 0x0000000088f00000, 0x0000000089000000|  0%| F|  |TS  1|AC  0|TAMS 0x0000000088f00000, 0x0000000088f00000|
| 116|0x0000000089000000, 0x0000000089000000, 0x0000000089100000|  0%| F|  |TS  1|AC  0|TAMS 0x0000000089000000, 0x0000000089000000|
| 117|0x0000000089100000, 0x0000000089100000, 0x0000000089200000|  0%| F|  |TS  1|AC  0|TAMS 0x0000000089100000, 0x0000000089100000|
| 118|0x0000000089200000, 0x0000000089200000, 0x0000000089300000|  0%| F|  |TS  1|AC  0|TAMS 0x0000000089200000, 0x0000000089200000|
| 119|0x0000000089300000, 0x0000000089300000, 0x0000000089400000|  0%| F|  |TS  1|AC  0|TAMS 0x0000000089300000, 0x0000000089300000|
| 120|0x0000000089400000, 0x0000000089400000, 0x0000000089500000|  0%| F|  |TS  1|AC  0|TAMS 0x0000000089400000, 0x0000000089400000|
| 121|0x0000000089500000, 0x0000000089500000, 0x0000000089600000|  0%| F|  |TS  1|AC  0|TAMS 0x0000000089500000, 0x0000000089500000|
| 122|0x0000000089600000, 0x0000000089600000, 0x0000000089700000|  0%| F|  |TS  1|AC  0|TAMS 0x0000000089600000, 0x0000000089600000|
| 123|0x0000000089700000, 0x0000000089780800, 0x0000000089800000| 50%| E|  |TS  1|AC  0|TAMS 0x0000000089700000, 0x0000000089700000|
| 124|0x0000000089800000, 0x0000000089900000, 0x0000000089900000|100%| E|CS|TS  1|AC  0|TAMS 0x0000000089800000, 0x0000000089800000|
| 125|0x0000000089900000, 0x0000000089a00000, 0x0000000089a00000|100%| E|CS|TS  1|AC  0|TAMS 0x0000000089900000, 0x0000000089900000|
| 126|0x0000000089a00000, 0x0000000089b00000, 0x0000000089b00000|100%| E|CS|TS  1|AC  0|TAMS 0x0000000089a00000, 0x0000000089a00000|
| 127|0x0000000089b00000, 0x0000000089c00000, 0x0000000089c00000|100%| E|CS|TS  1|AC  0|TAMS 0x0000000089b00000, 0x0000000089b00000|

Card table byte_map: [0x0000021bba920000,0x0000021bbad20000] byte_map_base: 0x0000021bba512000

Marking Bits (Prev, Next): (CMBitMap*) 0x0000021b9fef10d0, (CMBitMap*) 0x0000021b9fef1108
 Prev Bits: [0x0000021bbb120000, 0x0000021bbd0b0000)
 Next Bits: [0x0000021bbd0b0000, 0x0000021bbf040000)

Polling page: 0x0000021b9d9b0000

CodeHeap 'non-profiled nmethods': size=120000Kb used=526Kb max_used=526Kb free=119473Kb
 bounds [0x0000021bb2cb0000, 0x0000021bb2f20000, 0x0000021bba1e0000]
CodeHeap 'profiled nmethods': size=120000Kb used=3063Kb max_used=3063Kb free=116936Kb
 bounds [0x0000021bab780000, 0x0000021baba80000, 0x0000021bb2cb0000]
CodeHeap 'non-nmethods': size=5760Kb used=1205Kb max_used=1222Kb free=4554Kb
 bounds [0x0000021bab1e0000, 0x0000021bab450000, 0x0000021bab780000]
 total_blobs=2405 nmethods=1581 adapters=484
 compilation: enabled

Compilation events (10 events):
Event: 818.161 Thread 0x0000021bc1ace000 1578   !   3       sun.awt.windows.WDesktopProperties$WinPlaySound::equals (25 bytes)
Event: 818.161 Thread 0x0000021bc1ace000 nmethod 1578 0x0000021baba7b990 code [0x0000021baba7bb60, 0x0000021baba7be70]
Event: 826.425 Thread 0x0000021bc1acd000 1579       4       java.util.HashMap$KeyIterator::next (8 bytes)
Event: 826.433 Thread 0x0000021bc1acd000 nmethod 1579 0x0000021bb2d32f90 code [0x0000021bb2d33120, 0x0000021bb2d33558]
Event: 826.444 Thread 0x0000021bc1ace000 1580  s    3       sun.awt.windows.WDesktopProperties::setBooleanProperty (60 bytes)
Event: 826.445 Thread 0x0000021bc1ace000 nmethod 1580 0x0000021baba7c010 code [0x0000021baba7c260, 0x0000021baba7cb00]
Event: 857.041 Thread 0x0000021bc2386000 1581       4       jdk.internal.logger.AbstractLoggerWrapper::isLoggable (26 bytes)
Event: 857.043 Thread 0x0000021bc2386000 nmethod 1581 0x0000021bb2d33710 code [0x0000021bb2d338c0, 0x0000021bb2d339e8]
Event: 857.193 Thread 0x0000021bc1ace000 1582       3       java.util.ComparableTimSort::binarySort (223 bytes)
Event: 857.194 Thread 0x0000021bc1ace000 nmethod 1582 0x0000021baba7cd90 code [0x0000021baba7cfe0, 0x0000021baba7db80]

GC Heap History (2 events):
Event: 14.120 GC heap before
{Heap before GC invocations=0 (full 0):
 garbage-first heap   total 131072K, used 37888K [0x0000000081c00000, 0x0000000100000000)
  region size 1024K, 24 young (24576K), 0 survivors (0K)
 Metaspace       used 15072K, capacity 15373K, committed 15616K, reserved 1062912K
  class space    used 1572K, capacity 1750K, committed 1792K, reserved 1048576K
}
Event: 14.125 GC heap after
{Heap after GC invocations=1 (full 0):
 garbage-first heap   total 131072K, used 14200K [0x0000000081c00000, 0x0000000100000000)
  region size 1024K, 3 young (3072K), 3 survivors (3072K)
 Metaspace       used 15072K, capacity 15373K, committed 15616K, reserved 1062912K
  class space    used 1572K, capacity 1750K, committed 1792K, reserved 1048576K
}

Deoptimization events (10 events):
Event: 0.295 Thread 0x0000021b9fe4d000 Uncommon trap: reason=unstable_if action=reinterpret pc=0x0000021bb2ccde98 method=java.lang.StringLatin1.replace([BCC)Ljava/lang/String; @ 19 c2
Event: 0.473 Thread 0x0000021bc3d24000 Uncommon trap: reason=unstable_if action=reinterpret pc=0x0000021bb2cbbc8c method=java.lang.String.isLatin1()Z @ 10 c2
Event: 14.115 Thread 0x0000021bc46f8000 Uncommon trap: reason=unstable_if action=reinterpret pc=0x0000021bb2ce7cb0 method=java.lang.String.indexOf(II)I @ 4 c2
Event: 14.130 Thread 0x0000021bc46f8000 Uncommon trap: reason=unstable_if action=reinterpret pc=0x0000021bb2cdd6e0 method=java.lang.StringLatin1.canEncode(I)Z @ 4 c2
Event: 14.143 Thread 0x0000021bc3d24000 Uncommon trap: reason=unstable_if action=reinterpret pc=0x0000021bb2ce64f8 method=java.lang.ref.ReferenceQueue.poll()Ljava/lang/ref/Reference; @ 4 c2
Event: 14.154 Thread 0x0000021bc3d24000 Uncommon trap: reason=unstable_if action=reinterpret pc=0x0000021bb2ceaf3c method=java.lang.ref.ReferenceQueue.poll()Ljava/lang/ref/Reference; @ 4 c2
Event: 795.598 Thread 0x0000021bc3d24000 Uncommon trap: reason=class_check action=maybe_recompile pc=0x0000021bb2cfa10c method=java.util.HashMap.putVal(ILjava/lang/Object;Ljava/lang/Object;ZZ)Ljava/lang/Object; @ 203 c2
Event: 795.598 Thread 0x0000021bc3d24000 Uncommon trap: reason=class_check action=maybe_recompile pc=0x0000021bb2cfa10c method=java.util.HashMap.putVal(ILjava/lang/Object;Ljava/lang/Object;ZZ)Ljava/lang/Object; @ 203 c2
Event: 795.598 Thread 0x0000021bc3d24000 Uncommon trap: reason=class_check action=maybe_recompile pc=0x0000021bb2cfa10c method=java.util.HashMap.putVal(ILjava/lang/Object;Ljava/lang/Object;ZZ)Ljava/lang/Object; @ 203 c2
Event: 795.598 Thread 0x0000021bc3d24000 Uncommon trap: reason=class_check action=maybe_recompile pc=0x0000021bb2cfa10c method=java.util.HashMap.putVal(ILjava/lang/Object;Ljava/lang/Object;ZZ)Ljava/lang/Object; @ 203 c2

Classes redefined (0 events):
No events

Internal exceptions (10 events):
Event: 0.244 Thread 0x0000021b9fe4d000 Exception <a 'java/lang/NoSuchMethodError'{0x00000000895939f8}: method resolution failed> (0x00000000895939f8) thrown at [t:/workspace/open/src/hotspot/share/prims/methodHandles.cpp, line 1226]
Event: 0.259 Thread 0x0000021b9fe4d000 Exception <a 'java/lang/ClassNotFoundException'{0x00000000894540e8}: com/sun/swing/internal/plaf/metal/resources/spi/metalProvider> (0x00000000894540e8) thrown at [t:/workspace/open/src/hotspot/share/classfile/systemDictionary.cpp, line 233]
Event: 0.260 Thread 0x0000021b9fe4d000 Exception <a 'java/lang/ClassNotFoundException'{0x000000008945a408}: com/sun/swing/internal/plaf/basic/resources/spi/basicProvider> (0x000000008945a408) thrown at [t:/workspace/open/src/hotspot/share/classfile/systemDictionary.cpp, line 233]
Event: 0.309 Thread 0x0000021b9fe4d000 Exception <a 'java/lang/NoSuchMethodError'{0x000000008935a0e8}: java.lang.invoke.DirectMethodHandle$Holder.invokeStaticInit(Ljava/lang/Object;)V> (0x000000008935a0e8) thrown at [t:/workspace/open/src/hotspot/share/interpreter/linkResolver.cpp, line 741]
Event: 0.344 Thread 0x0000021b9fe4d000 Exception <a 'java/lang/NoSuchMethodError'{0x0000000089110ba0}: java.lang.invoke.DirectMethodHandle$Holder.invokeStatic(Ljava/lang/Object;Ljava/lang/Object;Ljava/lang/Object;Ljava/lang/Object;Ljava/lang/Object;Ljava/lang/Object;Ljava/lang/Object;Ljava/lan
Event: 0.345 Thread 0x0000021b9fe4d000 Exception <a 'java/lang/NoSuchMethodError'{0x0000000089131290}: java.lang.invoke.DirectMethodHandle$Holder.invokeStatic(Ljava/lang/Object;Ljava/lang/Object;Ljava/lang/Object;Ljava/lang/Object;Ljava/lang/Object;Ljava/lang/Object;Ljava/lang/Object;Ljava/lan
Event: 0.346 Thread 0x0000021b9fe4d000 Exception <a 'java/lang/NoSuchMethodError'{0x00000000891529c8}: java.lang.invoke.DirectMethodHandle$Holder.invokeStatic(Ljava/lang/Object;Ljava/lang/Object;Ljava/lang/Object;Ljava/lang/Object;Ljava/lang/Object;Ljava/lang/Object;Ljava/lang/Object;Ljava/lan
Event: 0.452 Thread 0x0000021bc3d24000 Exception <a 'java/lang/NoSuchMethodError'{0x00000000886a7a58}: java.lang.invoke.DirectMethodHandle$Holder.invokeStatic(Ljava/lang/Object;Ljava/lang/Object;Ljava/lang/Object;Ljava/lang/Object;Ljava/lang/Object;Ljava/lang/Object;Ljava/lang/Object;Ljava/lan
Event: 14.116 Thread 0x0000021bc46f8000 Exception <a 'java/lang/NoSuchMethodError'{0x000000008847e8a0}: method resolution failed> (0x000000008847e8a0) thrown at [t:/workspace/open/src/hotspot/share/prims/methodHandles.cpp, line 1226]
Event: 14.116 Thread 0x0000021bc46f8000 Exception <a 'java/lang/NoSuchMethodError'{0x0000000088486590}: method resolution failed> (0x0000000088486590) thrown at [t:/workspace/open/src/hotspot/share/prims/methodHandles.cpp, line 1226]

Events (10 events):
Event: 795.598 Thread 0x0000021bc3d24000 Uncommon trap: trap_request=0xffffffde fr.pc=0x0000021bb2cfa10c relative=0x0000000000000e4c
Event: 795.598 Thread 0x0000021bc3d24000 DEOPT PACKING pc=0x0000021bb2cfa10c sp=0x000000710a7fd440
Event: 795.598 Thread 0x0000021bc3d24000 DEOPT UNPACKING pc=0x0000021bab208a2f sp=0x000000710a7fd3e0 mode 2
Event: 795.598 Thread 0x0000021bc3d24000 Uncommon trap: trap_request=0xffffffde fr.pc=0x0000021bb2cfa10c relative=0x0000000000000e4c
Event: 795.598 Thread 0x0000021bc3d24000 DEOPT PACKING pc=0x0000021bb2cfa10c sp=0x000000710a7fd440
Event: 795.598 Thread 0x0000021bc3d24000 DEOPT UNPACKING pc=0x0000021bab208a2f sp=0x000000710a7fd3e0 mode 2
Event: 795.599 Executing VM operation: RevokeBias
Event: 795.599 Executing VM operation: RevokeBias done
Event: 795.600 Executing VM operation: RevokeBias
Event: 795.600 Executing VM operation: RevokeBias done


Dynamic libraries:
0x00007ff7c7aa0000 - 0x00007ff7c7ade000 	C:\Users\Administrator\Java\jdk-10.0.2\bin\javaw.exe
0x00007ffd28850000 - 0x00007ffd28a31000 	C:\Windows\SYSTEM32\ntdll.dll
0x00007ffd28090000 - 0x00007ffd28141000 	C:\Windows\System32\KERNEL32.DLL
0x00007ffd24e50000 - 0x00007ffd250c3000 	C:\Windows\System32\KERNELBASE.dll
0x00007ffd264f0000 - 0x00007ffd26591000 	C:\Windows\System32\ADVAPI32.dll
0x00007ffd28390000 - 0x00007ffd2842e000 	C:\Windows\System32\msvcrt.dll
0x00007ffd26830000 - 0x00007ffd2688b000 	C:\Windows\System32\sechost.dll
0x00007ffd25cc0000 - 0x00007ffd25de4000 	C:\Windows\System32\RPCRT4.dll
0x00007ffd26690000 - 0x00007ffd26821000 	C:\Windows\System32\USER32.dll
0x00007ffd24ce0000 - 0x00007ffd24d00000 	C:\Windows\System32\win32u.dll
0x00007ffd287f0000 - 0x00007ffd28818000 	C:\Windows\System32\GDI32.dll
0x00007ffd25930000 - 0x00007ffd25ac1000 	C:\Windows\System32\gdi32full.dll
0x00007ffd25890000 - 0x00007ffd2592f000 	C:\Windows\System32\msvcp_win.dll
0x00007ffd24d50000 - 0x00007ffd24e48000 	C:\Windows\System32\ucrtbase.dll
0x00007ffd12cc0000 - 0x00007ffd12f29000 	C:\Windows\WinSxS\amd64_microsoft.windows.common-controls_6595b64144ccf1df_6.0.17134.1184_none_d403e8b37c8ca406\COMCTL32.dll
0x00007ffd28440000 - 0x00007ffd28761000 	C:\Windows\System32\combase.dll
0x00007ffd1f990000 - 0x00007ffd1f99a000 	C:\Windows\SYSTEM32\VERSION.dll
0x00007ffd24c60000 - 0x00007ffd24cd9000 	C:\Windows\System32\bcryptPrimitives.dll
0x00007ffd25f10000 - 0x00007ffd25f3d000 	C:\Windows\System32\IMM32.DLL
0x00007ffd10f20000 - 0x00007ffd1100f000 	C:\Users\Administrator\Java\jdk-10.0.2\bin\msvcr120.dll
0x00007ffd10e70000 - 0x00007ffd10f16000 	C:\Users\Administrator\Java\jdk-10.0.2\bin\msvcp120.dll
0x000000006cb40000 - 0x000000006d5b0000 	C:\Users\Administrator\Java\jdk-10.0.2\bin\server\jvm.dll
0x00007ffd26910000 - 0x00007ffd26918000 	C:\Windows\System32\PSAPI.DLL
0x00007ffd23760000 - 0x00007ffd23769000 	C:\Windows\SYSTEM32\WSOCK32.dll
0x00007ffd27f50000 - 0x00007ffd27fbc000 	C:\Windows\System32\WS2_32.dll
0x00007ffd210f0000 - 0x00007ffd21113000 	C:\Windows\SYSTEM32\WINMM.dll
0x00007ffd21060000 - 0x00007ffd2108a000 	C:\Windows\SYSTEM32\winmmbase.dll
0x00007ffd24d00000 - 0x00007ffd24d49000 	C:\Windows\System32\cfgmgr32.dll
0x00007ffd20810000 - 0x00007ffd2081f000 	C:\Users\Administrator\Java\jdk-10.0.2\bin\verify.dll
0x00007ffd23510000 - 0x00007ffd236d9000 	C:\Windows\SYSTEM32\DBGHELP.DLL
0x00007ffd11800000 - 0x00007ffd11829000 	C:\Windows\SYSTEM32\dbgcore.DLL
0x00007ffd1f350000 - 0x00007ffd1f377000 	C:\Users\Administrator\Java\jdk-10.0.2\bin\java.dll
0x00007ffd207a0000 - 0x00007ffd207b6000 	C:\Users\Administrator\Java\jdk-10.0.2\bin\zip.dll
0x00007ffd20800000 - 0x00007ffd2080a000 	C:\Users\Administrator\Java\jdk-10.0.2\bin\jimage.dll
0x00007ffd26980000 - 0x00007ffd27dc5000 	C:\Windows\System32\SHELL32.dll
0x00007ffd25e60000 - 0x00007ffd25f09000 	C:\Windows\System32\shcore.dll
0x00007ffd250d0000 - 0x00007ffd257e0000 	C:\Windows\System32\windows.storage.dll
0x00007ffd26920000 - 0x00007ffd26971000 	C:\Windows\System32\shlwapi.dll
0x00007ffd24ba0000 - 0x00007ffd24bb1000 	C:\Windows\System32\kernel.appcore.dll
0x00007ffd24be0000 - 0x00007ffd24bff000 	C:\Windows\System32\profapi.dll
0x00007ffd24b40000 - 0x00007ffd24b8c000 	C:\Windows\System32\powrprof.dll
0x00007ffd24b90000 - 0x00007ffd24b9a000 	C:\Windows\System32\FLTLIB.DLL
0x00007ffd0e3b0000 - 0x00007ffd0e54b000 	C:\Users\Administrator\Java\jdk-10.0.2\bin\awt.dll
0x00007ffd27fc0000 - 0x00007ffd28082000 	C:\Windows\System32\OLEAUT32.dll
0x00007ffd21960000 - 0x00007ffd21f27000 	C:\Windows\SYSTEM32\d2d1.dll
0x00007ffd22930000 - 0x00007ffd229bb000 	C:\Windows\SYSTEM32\apphelp.dll
0x00007ffd22ee0000 - 0x00007ffd22f09000 	C:\Windows\system32\DWMAPI.DLL
0x00007ffd22e10000 - 0x00007ffd22ea8000 	C:\Windows\system32\uxtheme.dll
0x00007ffd0af30000 - 0x00007ffd0b050000 	C:\Windows\system32\opengl32.dll
0x00007ffd0b7a0000 - 0x00007ffd0b7cc000 	C:\Windows\SYSTEM32\GLU32.dll
0x00007ffd27dd0000 - 0x00007ffd27f44000 	C:\Windows\System32\MSCTF.dll
0x00007ffd26390000 - 0x00007ffd264e1000 	C:\Windows\System32\ole32.dll
0x00007ffd20920000 - 0x00007ffd20985000 	C:\Users\Administrator\Java\jdk-10.0.2\bin\fontmanager.dll
0x00007ffd1e7a0000 - 0x00007ffd1e7ba000 	C:\Users\Administrator\Java\jdk-10.0.2\bin\net.dll
0x00007ffd165f0000 - 0x00007ffd166cd000 	C:\Windows\SYSTEM32\WINHTTP.dll
0x00007ffd243c0000 - 0x00007ffd24426000 	C:\Windows\system32\mswsock.dll
0x00007ffd1e780000 - 0x00007ffd1e791000 	C:\Users\Administrator\Java\jdk-10.0.2\bin\nio.dll
0x00007ffd20fe0000 - 0x00007ffd2100b000 	C:\Users\Administrator\Java\jdk-10.0.2\bin\javajpeg.dll
0x00007ffd28150000 - 0x00007ffd281f0000 	C:\Windows\System32\clbcatq.dll
0x00007ffd1e9c0000 - 0x00007ffd1eb6e000 	C:\Windows\SYSTEM32\WindowsCodecs.dll
0x00007ffd0ada0000 - 0x00007ffd0adf8000 	C:\Windows\system32\dataexchange.dll
0x00007ffd21f30000 - 0x00007ffd220cc000 	C:\Windows\system32\dcomp.dll
0x00007ffd238d0000 - 0x00007ffd2398b000 	C:\Windows\system32\dxgi.dll
0x00007ffd21640000 - 0x00007ffd2194b000 	C:\Windows\system32\d3d11.dll
0x00007ffd22f70000 - 0x00007ffd23128000 	C:\Windows\system32\twinapi.appcore.dll
0x00007ffd22f40000 - 0x00007ffd22f61000 	C:\Windows\system32\RMCLIENT.dll
0x00007ffd194d0000 - 0x00007ffd19566000 	C:\Windows\System32\TextInputFramework.dll
0x00007ffd1de00000 - 0x00007ffd1e11e000 	C:\Windows\System32\CoreUIComponents.dll
0x00007ffd22430000 - 0x00007ffd2250a000 	C:\Windows\System32\CoreMessaging.dll
0x00007ffd23c00000 - 0x00007ffd23c31000 	C:\Windows\SYSTEM32\ntmarta.dll
0x00007ffd203c0000 - 0x00007ffd2050d000 	C:\Windows\SYSTEM32\wintypes.dll
0x00007ffd1fc70000 - 0x00007ffd1fcb2000 	C:\Users\Administrator\Java\jdk-10.0.2\bin\t2k.dll

dbghelp: loaded successfully - version: 4.0.5 - missing functions: none
symbol engine: initialized successfully - sym options: 0x614 - pdb path: .;C:\Users\Administrator\Java\jdk-10.0.2\bin;C:\Windows\SYSTEM32;C:\Windows\WinSxS\amd64_microsoft.windows.common-controls_6595b64144ccf1df_6.0.17134.1184_none_d403e8b37c8ca406;C:\Users\Administrator\Java\jdk-10.0.2\bin\server

VM Arguments:
jvm_args: -Dfile.encoding=GBK 
java_command: ViewTest.MainApp
java_class_path (initial): D:\java\Eclipse\javaqimokaoshi\bin
Launcher Type: SUN_STANDARD

Logging:
Log output configuration:
#0: stdout all=warning uptime,level,tags
#1: stderr all=off uptime,level,tags

Environment Variables:
JAVA_HOME=C:\Users\Administrator\Java\jdk-10.0.2
CLASSPATH=.;C:\Users\Administrator\Java\jdk-10.0.2\bin;C:\Users\Administrator\Java\jdk-10.0.2\lib\dt.jar;C:\Users\Administrator\Java\jdk-10.0.2\lib\tools.jar
PATH=C:/Users/Administrator/Java/jdk-10.0.2/bin/server;C:/Users/Administrator/Java/jdk-10.0.2/bin;C:\Users\Administrator\Java\jdk-10.0.2\bin;C:\Users\Administrator\Java\jdk-10.0.2\jre\bin;C:\Program Files (x86)\Common Files\Oracle\Java\javapath;C:\Windows\system32;C:\Windows;C:\Windows\System32\Wbem;C:\Windows\System32\WindowsPowerShell\v1.0\;C:\Windows\System32\OpenSSH\;C:\Program Files\MySQL\MySQL Server 5.7\bin;;F:\eclipse;
USERNAME=Administrator
OS=Windows_NT
PROCESSOR_IDENTIFIER=Intel64 Family 6 Model 142 Stepping 10, GenuineIntel



---------------  S Y S T E M  ---------------

OS: Windows 10 , 64 bit Build 17134 (10.0.17134.753)

CPU:total 8 (initial active 8) (4 cores per cpu, 2 threads per core) family 6 model 142 stepping 10, cmov, cx8, fxsr, mmx, sse, sse2, sse3, ssse3, sse4.1, sse4.2, popcnt, avx, avx2, aes, clmul, erms, 3dnowpref, lzcnt, ht, tsc, tscinvbit, bmi1, bmi2, adx, fma

Memory: 4k page, physical 8272664k(5926232k free), swap 10631960k(5788160k free)

vm_info: Java HotSpot(TM) 64-Bit Server VM (10.0.2+13) for windows-amd64 JRE (10.0.2+13), built on Jun 28 2018 01:57:56 by "mach5one" with MS VC++ 12.0 (VS2013)

END.
